2023-01-16 04:53:17 warning: DebugKit not enabled. You need to either install pdo_sqlite, or define the "debug_kit" connection name.
2023-01-16 04:54:03 warning: DebugKit not enabled. You need to either install pdo_sqlite, or define the "debug_kit" connection name.
2023-01-16 04:55:22 warning: DebugKit not enabled. You need to either install pdo_sqlite, or define the "debug_kit" connection name.
2023-01-16 05:20:24 warning: DebugKit not enabled. You need to either install pdo_sqlite, or define the "debug_kit" connection name.
2023-01-16 10:01:55 warning: DebugKit not enabled. You need to either install pdo_sqlite, or define the "debug_kit" connection name.
2023-01-16 10:02:42 warning: DebugKit not enabled. You need to either install pdo_sqlite, or define the "debug_kit" connection name.
2023-01-16 10:19:09 warning: DebugKit not enabled. You need to either install pdo_sqlite, or define the "debug_kit" connection name.
2023-01-16 10:19:23 warning: DebugKit not enabled. You need to either install pdo_sqlite, or define the "debug_kit" connection name.
2023-01-16 10:19:44 warning: DebugKit not enabled. You need to either install pdo_sqlite, or define the "debug_kit" connection name.
2023-01-17 04:43:05 warning: DebugKit not enabled. You need to either install pdo_sqlite, or define the "debug_kit" connection name.
2023-01-17 04:57:46 warning: DebugKit not enabled. You need to either install pdo_sqlite, or define the "debug_kit" connection name.
2023-01-17 05:25:13 warning: DebugKit not enabled. You need to either install pdo_sqlite, or define the "debug_kit" connection name.
2023-01-17 05:32:53 warning: DebugKit not enabled. You need to either install pdo_sqlite, or define the "debug_kit" connection name.
2023-01-17 07:42:02 warning: DebugKit not enabled. You need to either install pdo_sqlite, or define the "debug_kit" connection name.
2023-01-17 07:56:22 warning: DebugKit not enabled. You need to either install pdo_sqlite, or define the "debug_kit" connection name.
2023-01-17 08:43:27 warning: DebugKit not enabled. You need to either install pdo_sqlite, or define the "debug_kit" connection name.
2023-01-17 08:43:41 warning: DebugKit not enabled. You need to either install pdo_sqlite, or define the "debug_kit" connection name.
2023-01-17 08:43:53 warning: DebugKit not enabled. You need to either install pdo_sqlite, or define the "debug_kit" connection name.
2023-01-17 09:19:34 warning: DebugKit not enabled. You need to either install pdo_sqlite, or define the "debug_kit" connection name.
2023-01-17 09:26:11 warning: DebugKit not enabled. You need to either install pdo_sqlite, or define the "debug_kit" connection name.
2023-01-17 09:30:51 warning: DebugKit not enabled. You need to either install pdo_sqlite, or define the "debug_kit" connection name.
2023-01-17 09:31:15 warning: DebugKit not enabled. You need to either install pdo_sqlite, or define the "debug_kit" connection name.
2023-01-17 09:41:40 warning: DebugKit not enabled. You need to either install pdo_sqlite, or define the "debug_kit" connection name.
2023-01-17 09:41:40 error: [Cake\Database\Exception\DatabaseException] SQLSTATE[42S02]: Base table or view not found: 1146 Table 'db_cakephp.model' doesn't exist in /var/www/html/NewCake/CakePHP1/vendor/cakephp/cakephp/src/Database/Schema/Collection.php on line 160
Stack Trace:
- /var/www/html/NewCake/CakePHP1/vendor/cakephp/cakephp/src/Database/Schema/Collection.php:118
- /var/www/html/NewCake/CakePHP1/vendor/cakephp/cakephp/src/ORM/Table.php:521
- /var/www/html/NewCake/CakePHP1/vendor/cakephp/bake/src/Command/ModelCommand.php:111
- /var/www/html/NewCake/CakePHP1/vendor/cakephp/bake/src/Command/ModelCommand.php:94
- /var/www/html/NewCake/CakePHP1/vendor/cakephp/bake/src/Command/AllCommand.php:115
- /var/www/html/NewCake/CakePHP1/vendor/cakephp/cakephp/src/Console/BaseCommand.php:189
- /var/www/html/NewCake/CakePHP1/vendor/cakephp/cakephp/src/Console/CommandRunner.php:334
- /var/www/html/NewCake/CakePHP1/vendor/cakephp/cakephp/src/Console/CommandRunner.php:172
- /var/www/html/NewCake/CakePHP1/bin/cake.php:12

Caused by: [PDOException] SQLSTATE[42S02]: Base table or view not found: 1146 Table 'db_cakephp.model' doesn't exist in /var/www/html/NewCake/CakePHP1/vendor/cakephp/cakephp/src/Database/Statement/MysqlStatement.php on line 39
Stack Trace:
- /var/www/html/NewCake/CakePHP1/vendor/cakephp/cakephp/src/Database/Statement/MysqlStatement.php:39
- /var/www/html/NewCake/CakePHP1/vendor/cakephp/cakephp/src/Database/Connection.php:329
- /var/www/html/NewCake/CakePHP1/vendor/cakephp/cakephp/src/Core/Retry/CommandRetry.php:70
- /var/www/html/NewCake/CakePHP1/vendor/cakephp/cakephp/src/Database/Connection.php:332
- /var/www/html/NewCake/CakePHP1/vendor/cakephp/cakephp/src/Database/Schema/Collection.php:158
- /var/www/html/NewCake/CakePHP1/vendor/cakephp/cakephp/src/Database/Schema/Collection.php:118
- /var/www/html/NewCake/CakePHP1/vendor/cakephp/cakephp/src/ORM/Table.php:521
- /var/www/html/NewCake/CakePHP1/vendor/cakephp/bake/src/Command/ModelCommand.php:111
- /var/www/html/NewCake/CakePHP1/vendor/cakephp/bake/src/Command/ModelCommand.php:94
- /var/www/html/NewCake/CakePHP1/vendor/cakephp/bake/src/Command/AllCommand.php:115
- /var/www/html/NewCake/CakePHP1/vendor/cakephp/cakephp/src/Console/BaseCommand.php:189
- /var/www/html/NewCake/CakePHP1/vendor/cakephp/cakephp/src/Console/CommandRunner.php:334
- /var/www/html/NewCake/CakePHP1/vendor/cakephp/cakephp/src/Console/CommandRunner.php:172
- /var/www/html/NewCake/CakePHP1/bin/cake.php:12

2023-01-17 10:59:53 warning: DebugKit not enabled. You need to either install pdo_sqlite, or define the "debug_kit" connection name.
2023-01-17 12:39:12 warning: DebugKit not enabled. You need to either install pdo_sqlite, or define the "debug_kit" connection name.
2023-01-18 03:35:44 warning: DebugKit not enabled. You need to either install pdo_sqlite, or define the "debug_kit" connection name.
2023-01-18 03:36:34 warning: DebugKit not enabled. You need to either install pdo_sqlite, or define the "debug_kit" connection name.
2023-01-18 03:52:34 warning: DebugKit not enabled. You need to either install pdo_sqlite, or define the "debug_kit" connection name.
2023-01-18 05:19:59 warning: DebugKit not enabled. You need to either install pdo_sqlite, or define the "debug_kit" connection name.
2023-01-18 05:51:07 warning: DebugKit not enabled. You need to either install pdo_sqlite, or define the "debug_kit" connection name.
2023-01-18 05:51:07 error: [Cake\Database\Exception\DatabaseException] SQLSTATE[42S02]: Base table or view not found: 1146 Table 'db_cakephp.model' doesn't exist in /var/www/html/NewCake/CakePHP1/vendor/cakephp/cakephp/src/Database/Schema/Collection.php on line 160
Stack Trace:
- /var/www/html/NewCake/CakePHP1/vendor/cakephp/cakephp/src/Database/Schema/Collection.php:118
- /var/www/html/NewCake/CakePHP1/vendor/cakephp/cakephp/src/ORM/Table.php:521
- /var/www/html/NewCake/CakePHP1/vendor/cakephp/bake/src/Command/ModelCommand.php:111
- /var/www/html/NewCake/CakePHP1/vendor/cakephp/bake/src/Command/ModelCommand.php:94
- /var/www/html/NewCake/CakePHP1/vendor/cakephp/bake/src/Command/AllCommand.php:115
- /var/www/html/NewCake/CakePHP1/vendor/cakephp/cakephp/src/Console/BaseCommand.php:189
- /var/www/html/NewCake/CakePHP1/vendor/cakephp/cakephp/src/Console/CommandRunner.php:334
- /var/www/html/NewCake/CakePHP1/vendor/cakephp/cakephp/src/Console/CommandRunner.php:172
- /var/www/html/NewCake/CakePHP1/bin/cake.php:12

Caused by: [PDOException] SQLSTATE[42S02]: Base table or view not found: 1146 Table 'db_cakephp.model' doesn't exist in /var/www/html/NewCake/CakePHP1/vendor/cakephp/cakephp/src/Database/Statement/MysqlStatement.php on line 39
Stack Trace:
- /var/www/html/NewCake/CakePHP1/vendor/cakephp/cakephp/src/Database/Statement/MysqlStatement.php:39
- /var/www/html/NewCake/CakePHP1/vendor/cakephp/cakephp/src/Database/Connection.php:329
- /var/www/html/NewCake/CakePHP1/vendor/cakephp/cakephp/src/Core/Retry/CommandRetry.php:70
- /var/www/html/NewCake/CakePHP1/vendor/cakephp/cakephp/src/Database/Connection.php:332
- /var/www/html/NewCake/CakePHP1/vendor/cakephp/cakephp/src/Database/Schema/Collection.php:158
- /var/www/html/NewCake/CakePHP1/vendor/cakephp/cakephp/src/Database/Schema/Collection.php:118
- /var/www/html/NewCake/CakePHP1/vendor/cakephp/cakephp/src/ORM/Table.php:521
- /var/www/html/NewCake/CakePHP1/vendor/cakephp/bake/src/Command/ModelCommand.php:111
- /var/www/html/NewCake/CakePHP1/vendor/cakephp/bake/src/Command/ModelCommand.php:94
- /var/www/html/NewCake/CakePHP1/vendor/cakephp/bake/src/Command/AllCommand.php:115
- /var/www/html/NewCake/CakePHP1/vendor/cakephp/cakephp/src/Console/BaseCommand.php:189
- /var/www/html/NewCake/CakePHP1/vendor/cakephp/cakephp/src/Console/CommandRunner.php:334
- /var/www/html/NewCake/CakePHP1/vendor/cakephp/cakephp/src/Console/CommandRunner.php:172
- /var/www/html/NewCake/CakePHP1/bin/cake.php:12

2023-01-18 05:51:34 warning: DebugKit not enabled. You need to either install pdo_sqlite, or define the "debug_kit" connection name.
2023-01-18 11:07:27 warning: DebugKit not enabled. You need to either install pdo_sqlite, or define the "debug_kit" connection name.
2023-01-18 11:31:49 warning: DebugKit not enabled. You need to either install pdo_sqlite, or define the "debug_kit" connection name.
2023-01-18 12:41:53 warning: DebugKit not enabled. You need to either install pdo_sqlite, or define the "debug_kit" connection name.
2023-01-19 04:09:55 warning: DebugKit not enabled. You need to either install pdo_sqlite, or define the "debug_kit" connection name.
2023-01-19 04:27:54 warning: DebugKit not enabled. You need to either install pdo_sqlite, or define the "debug_kit" connection name.
2023-01-20 03:39:20 warning: DebugKit not enabled. You need to either install pdo_sqlite, or define the "debug_kit" connection name.
2023-01-20 05:46:36 warning: DebugKit not enabled. You need to either install pdo_sqlite, or define the "debug_kit" connection name.
2023-01-20 12:54:28 warning: DebugKit not enabled. You need to either install pdo_sqlite, or define the "debug_kit" connection name.
2023-01-23 04:36:11 warning: DebugKit not enabled. You need to either install pdo_sqlite, or define the "debug_kit" connection name.
2023-01-24 03:57:27 warning: DebugKit not enabled. You need to either install pdo_sqlite, or define the "debug_kit" connection name.
2023-01-24 10:19:18 warning: DebugKit not enabled. You need to either install pdo_sqlite, or define the "debug_kit" connection name.
2023-01-24 10:19:45 warning: DebugKit not enabled. You need to either install pdo_sqlite, or define the "debug_kit" connection name.
2023-01-24 12:01:03 warning: DebugKit not enabled. You need to either install pdo_sqlite, or define the "debug_kit" connection name.
